<?xml version="1.0" encoding="UTF-8"?>
<testsuite xmlns:xsi="http://www.w3.org/2001/XMLSchema-instance" xsi:noNamespaceSchemaLocation="https://maven.apache.org/surefire/maven-surefire-plugin/xsd/surefire-test-report.xsd" version="3.0.2" name="leon.screen.scraper.LeonScraperApplicationTests" time="2.058" tests="1" errors="0" skipped="0" failures="0">
  <properties>
[...]
</properties>
  <testcase name="contextLoads" classname="leon.screen.scraper.LeonScraperApplicationTests" time="0.817">
    <system-out><![CDATA[01:03:26.722 [main] INFO org.springframework.test.context.support.AnnotationConfigContextLoaderUtils -- Could not detect default configuration classes for test class [leon.screen.scraper.LeonScraperApplicationTests]: LeonScraperApplicationTests does not declare any static, non-private, non-final, nested classes annotated with @Configuration.
01:03:26.840 [main] INFO org.springframework.boot.test.context.SpringBootTestContextBootstrapper -- Found @SpringBootConfiguration leon.screen.scraper.LeonScraperApplication for test class leon.screen.scraper.LeonScraperApplicationTests

  .   ____          _            __ _ _
 /\\ / ___'_ __ _ _(_)_ __  __ _ \ \ \ \
( ( )\___ | '_ | '_| | '_ \/ _` | \ \ \ \
 \\/  ___)| |_)| | | | | || (_| |  ) ) ) )
  '  |____| .__|_| |_|_| |_\__, | / / / /
 =========|_|==============|___/=/_/_/_/

 :: Spring Boot ::                (v3.4.2)

2025-01-27T01:03:27.259+01:00  INFO 1736 --- [leonScraper] [           main] l.s.scraper.LeonScraperApplicationTests  : Starting LeonScraperApplicationTests using Java 20.0.2 with PID 1736 (started by UdovenkoA in C:\Users\UdovenkoA\IdeaProjects\leonScraper)
2025-01-27T01:03:27.261+01:00  INFO 1736 --- [leonScraper] [           main] l.s.scraper.LeonScraperApplicationTests  : No active profile set, falling back to 1 default profile: "default"
2025-01-27T01:03:27.788+01:00  INFO 1736 --- [leonScraper] [           main] l.s.scraper.LeonScraperApplicationTests  : Started LeonScraperApplicationTests in 0.804 seconds (process running for 1.763)
]]></system-out>
  </testcase>
</testsuite>